##################################################################
# 名称           : log_purgeリストファイル
# 機能概要       : log_purge.shから読み込まれる
#                  消去するログファイルの条件を設定する
# バージョン     : v.1.0
# 使い方         : log_purge.sh
# 戻り値         : なし
# ホスト         : MEC-BA DB 本番サーバ/開発サーバ
# セキュリティ   :
# 関連ファイル   : log_purge.sh
# 備考           : 
#                  連続する空白(スペース及びタブ)によって区切られた
#                  各フィールドに条件を指定する。
#                  
#                  第1パラメータ targetPath 
#                     消去すべきファイルの格納されているフォルダ
#                  
#                  第2パラメータ fileName 
#                     消去すべきファイルのファイル名、ワイルドカード指定可
#                  
#                  第3パラメータ keepDays 
#                     消去すべきファイルの保存日数。数値のみ指定可。
#                     指定された数値×24 時間以上経過したファイルが削除の対象となる。
#                  
#                  その他）
#                     ・先頭が'#'の行はコメント行として処理されない。
#                     ・空白(スペース及びタブ)のみの行は処理されない
#                     ・区切られたパラメータ数が３でないものはエラーとなる
#                  
##################################################################

#targetPath                                     	#fileName                   	#keepDays
/c/Users/JKK0544/.abc/temp                      	*                           	3
